#
# A fatal error has been detected by the Java Runtime Environment:
#
#  Internal Error (0xc000000d), pid=7968, tid=0x00000000000020e4
#
# JRE version: Java(TM) SE Runtime Environment (8.0_101-b13) (build 1.8.0_101-b13)
# Java VM: Java HotSpot(TM) 64-Bit Server VM (25.101-b13 mixed mode windows-amd64 compressed oops)
# Problematic frame:
# C  [ntdll.dll+0xfe5bc]
#
# Failed to write core dump. Minidumps are not enabled by default on client versions of Windows
#
# If you would like to submit a bug report, please visit:
#   http://bugreport.java.com/bugreport/crash.jsp
#

---------------  T H R E A D  ---------------

Current thread (0x0000000017297800):  VMThread [stack: 0x0000000018350000,0x0000000018450000] [id=8420]

siginfo: ExceptionCode=0xc000000d

Registers:
RAX=0x0000000000000001, RBX=0x000000001b6805d0, RCX=0x0000000017298840, RDX=0x0000000000000000
RSP=0x000000001844eaf0, RBP=0x0000000000000000, RSI=0x000000001b3e0660, RDI=0x000000001b3e08a0
R8 =0x0000000000000000, R9 =0x0000000000000000, R10=0x00007ffd71807ee6, R11=0x0000000000000000
R12=0x0000000000000000, R13=0x00000000ffffffff, R14=0x000000001b3cde20, R15=0x000000001b3e0660
RIP=0x00007ffd7186e5bc, EFLAGS=0x0000000000000202

Top of Stack: (sp=0x000000001844eaf0)
0x000000001844eaf0:   0000000000000057 000000001b6805d0
0x000000001844eb00:   000000001b3e0660 000000001b3e08a0
0x000000001844eb10:   00000000c000000d 0000000000000000
0x000000001844eb20:   00007ffd7186e5bc 0000000000000000
0x000000001844eb30:   0000000000000000 0000000000000000
0x000000001844eb40:   0000000000000000 0000000000000000
0x000000001844eb50:   0000000000000000 0000000000000000
0x000000001844eb60:   0000000000000000 0000000000000000
0x000000001844eb70:   0000000000000000 0000000000000000
0x000000001844eb80:   0000000000000000 0000000000000000
0x000000001844eb90:   0000000000000000 0000000000000000
0x000000001844eba0:   0000000000000000 000000001844ef90
0x000000001844ebb0:   000017fb5e187e45 0000000000000000
0x000000001844ebc0:   000017fb5e187ff5 00007ffd718309fb
0x000000001844ebd0:   0000000000000001 00007ffd5839e8db
0x000000001844ebe0:   000000001fb6c5b0 000000001844ecf0 

Instructions: (pc=0x00007ffd7186e5bc)
0x00007ffd7186e59c:   d1 fa ff c7 44 24 20 0d 00 00 c0 b9 57 00 00 00
0x00007ffd7186e5ac:   e8 cf 0f f6 ff 90 48 8d 4c 24 20 e8 54 bb f4 ff
0x00007ffd7186e5bc:   eb 00 48 8b 8c 24 c0 00 00 00 48 33 cc e8 82 70
0x00007ffd7186e5cc:   f9 ff 48 81 c4 d8 00 00 00 c3 40 55 48 83 ec 20 


Register to memory mapping:

RAX=0x0000000000000001 is an unknown value
RBX=0x000000001b6805d0 is an unknown value
RCX=0x0000000017298840 is an unknown value
RDX=0x0000000000000000 is an unknown value
RSP=0x000000001844eaf0 is an unknown value
RBP=0x0000000000000000 is an unknown value
RSI=0x000000001b3e0660 is an unknown value
RDI=0x000000001b3e08a0 is an unknown value
R8 =0x0000000000000000 is an unknown value
R9 =0x0000000000000000 is an unknown value
R10=0x00007ffd71807ee6 is an unknown value
R11=0x0000000000000000 is an unknown value
R12=0x0000000000000000 is an unknown value
R13=0x00000000ffffffff is an unallocated location in the heap
R14=0x000000001b3cde20 is an unknown value
R15=0x000000001b3e0660 is an unknown value


Stack: [0x0000000018350000,0x0000000018450000],  sp=0x000000001844eaf0,  free space=1018k
Native frames: (J=compiled Java code, j=interpreted, Vv=VM code, C=native code)

VM_Operation (0x0000000019f6d1c0): Exit, mode: safepoint, requested by thread 0x000000001900b000


---------------  P R O C E S S  ---------------

Java Threads: ( => current thread )
  0x00000000194ae000 JavaThread "Thread-2" daemon [_thread_blocked, id=7808, stack(0x00000000220e0000,0x00000000221e0000)]
  0x0000000002700800 JavaThread "DestroyJavaVM" [_thread_blocked, id=5388, stack(0x0000000002520000,0x0000000002620000)]
  0x000000001900b000 JavaThread "AWT-EventQueue-0" [_thread_blocked, id=10216, stack(0x0000000019e70000,0x0000000019f70000)]
  0x0000000018feb000 JavaThread "AWT-Shutdown" [_thread_blocked, id=6476, stack(0x0000000019c70000,0x0000000019d70000)]
  0x0000000018fea800 JavaThread "Java2D Disposer" daemon [_thread_blocked, id=2432, stack(0x0000000019b70000,0x0000000019c70000)]
  0x0000000018c70800 JavaThread "Service Thread" daemon [_thread_blocked, id=9776, stack(0x0000000019040000,0x0000000019140000)]
  0x00000000172d5800 JavaThread "C1 CompilerThread2" daemon [_thread_blocked, id=348, stack(0x0000000018b40000,0x0000000018c40000)]
  0x00000000172d0000 JavaThread "C2 CompilerThread1" daemon [_thread_blocked, id=3912, stack(0x0000000018a40000,0x0000000018b40000)]
  0x00000000172cd000 JavaThread "C2 CompilerThread0" daemon [_thread_blocked, id=7152, stack(0x0000000018940000,0x0000000018a40000)]
  0x00000000172cb800 JavaThread "Attach Listener" daemon [_thread_blocked, id=9880, stack(0x0000000018840000,0x0000000018940000)]
  0x00000000172ca000 JavaThread "Signal Dispatcher" daemon [_thread_blocked, id=8796, stack(0x0000000018740000,0x0000000018840000)]
  0x00000000172b9000 JavaThread "Finalizer" daemon [_thread_blocked, id=8532, stack(0x0000000018550000,0x0000000018650000)]
  0x00000000027f0000 JavaThread "Reference Handler" daemon [_thread_blocked, id=888, stack(0x0000000018450000,0x0000000018550000)]

Other Threads:
=>0x0000000017297800 VMThread [stack: 0x0000000018350000,0x0000000018450000] [id=8420]

VM state:at safepoint (shutting down)

VM Mutex/Monitor currently owned by a thread:  ([mutex/lock_event])
[0x00000000026fb7a0] Threads_lock - owner thread: 0x0000000017297800

Heap:
 PSYoungGen      total 34304K, used 2503K [0x00000000d6100000, 0x00000000d8a00000, 0x0000000100000000)
  eden space 27648K, 8% used [0x00000000d6100000,0x00000000d6349ce8,0x00000000d7c00000)
  from space 6656K, 2% used [0x00000000d8380000,0x00000000d83a8000,0x00000000d8a00000)
  to   space 7168K, 0% used [0x00000000d7c00000,0x00000000d7c00000,0x00000000d8300000)
 ParOldGen       total 86016K, used 8287K [0x0000000082200000, 0x0000000087600000, 0x00000000d6100000)
  object space 86016K, 9% used [0x0000000082200000,0x0000000082a17e88,0x0000000087600000)
 Metaspace       used 12285K, capacity 12464K, committed 12672K, reserved 1060864K
  class space    used 1503K, capacity 1572K, committed 1664K, reserved 1048576K

Card table byte_map: [0x0000000011bc0000,0x0000000011fb0000] byte_map_base: 0x00000000117af000

Marking Bits: (ParMarkBitMap*) 0x0000000073c7a6d0
 Begin Bits: [0x0000000012650000, 0x00000000145c8000)
 End Bits:   [0x00000000145c8000, 0x0000000016540000)

Polling page: 0x0000000000cb0000

CodeCache: size=245760Kb used=3509Kb max_used=3521Kb free=242250Kb
 bounds [0x0000000002800000, 0x0000000002b80000, 0x0000000011800000]
 total_blobs=1541 nmethods=977 adapters=477
 compilation: enabled

Compilation events (10 events):
Event: 9.974 Thread 0x00000000172d5800  973       3       java.util.WeakHashMap::put (162 bytes)
Event: 9.976 Thread 0x00000000172d5800 nmethod 973 0x0000000002b6c290 code [0x0000000002b6c4c0, 0x0000000002b6d358]
Event: 10.159 Thread 0x00000000172d5800  974       3       java.util.WeakHashMap::remove (133 bytes)
Event: 10.160 Thread 0x00000000172d5800 nmethod 974 0x0000000002b6da10 code [0x0000000002b6dc00, 0x0000000002b6e6c8]
Event: 10.160 Thread 0x00000000172d5800  975       3       sun.java2d.SunGraphics2D::<init> (180 bytes)
Event: 10.160 Thread 0x00000000172d5800 nmethod 975 0x0000000002b67c50 code [0x0000000002b67e20, 0x0000000002b68838]
Event: 10.160 Thread 0x00000000172d5800  976       3       java.awt.Graphics2D::<init> (5 bytes)
Event: 10.160 Thread 0x00000000172d5800 nmethod 976 0x0000000002b6eb50 code [0x0000000002b6ecc0, 0x0000000002b6eed0]
Event: 10.181 Thread 0x00000000172d0000  977       4       java.lang.String::getChars (62 bytes)
Event: 10.183 Thread 0x00000000172d0000 nmethod 977 0x0000000002b71d50 code [0x0000000002b71ea0, 0x0000000002b72018]

GC Heap History (10 events):
Event: 8.186 GC heap before
{Heap before GC invocations=10 (full 0):
 PSYoungGen      total 31744K, used 30435K [0x00000000d6100000, 0x00000000d8d80000, 0x0000000100000000)
  eden space 30208K, 97% used [0x00000000d6100000,0x00000000d7db7f30,0x00000000d7e80000)
  from space 1536K, 66% used [0x00000000d7f00000,0x00000000d8001048,0x00000000d8080000)
  to   space 7680K, 0% used [0x00000000d8600000,0x00000000d8600000,0x00000000d8d80000)
 ParOldGen       total 86016K, used 8183K [0x0000000082200000, 0x0000000087600000, 0x00000000d6100000)
  object space 86016K, 9% used [0x0000000082200000,0x00000000829fde88,0x0000000087600000)
 Metaspace       used 12191K, capacity 12400K, committed 12672K, reserved 1060864K
  class space    used 1500K, capacity 1572K, committed 1664K, reserved 1048576K
Event: 8.187 GC heap after
Heap after GC invocations=10 (full 0):
 PSYoungGen      total 35840K, used 1028K [0x00000000d6100000, 0x00000000d8c00000, 0x0000000100000000)
  eden space 29696K, 0% used [0x00000000d6100000,0x00000000d6100000,0x00000000d7e00000)
  from space 6144K, 16% used [0x00000000d8600000,0x00000000d8701048,0x00000000d8c00000)
  to   space 7168K, 0% used [0x00000000d7e00000,0x00000000d7e00000,0x00000000d8500000)
 ParOldGen       total 86016K, used 8199K [0x0000000082200000, 0x0000000087600000, 0x00000000d6100000)
  object space 86016K, 9% used [0x0000000082200000,0x0000000082a01e88,0x0000000087600000)
 Metaspace       used 12191K, capacity 12400K, committed 12672K, reserved 1060864K
  class space    used 1500K, capacity 1572K, committed 1664K, reserved 1048576K
}
Event: 8.712 GC heap before
{Heap before GC invocations=11 (full 0):
 PSYoungGen      total 35840K, used 30423K [0x00000000d6100000, 0x00000000d8c00000, 0x0000000100000000)
  eden space 29696K, 98% used [0x00000000d6100000,0x00000000d7db4e70,0x00000000d7e00000)
  from space 6144K, 16% used [0x00000000d8600000,0x00000000d8701048,0x00000000d8c00000)
  to   space 7168K, 0% used [0x00000000d7e00000,0x00000000d7e00000,0x00000000d8500000)
 ParOldGen       total 86016K, used 8199K [0x0000000082200000, 0x0000000087600000, 0x00000000d6100000)
  object space 86016K, 9% used [0x0000000082200000,0x0000000082a01e88,0x0000000087600000)
 Metaspace       used 12200K, capacity 12400K, committed 12672K, reserved 1060864K
  class space    used 1500K, capacity 1572K, committed 1664K, reserved 1048576K
Event: 8.714 GC heap after
Heap after GC invocations=11 (full 0):
 PSYoungGen      total 30720K, used 1028K [0x00000000d6100000, 0x00000000d8b80000, 0x0000000100000000)
  eden space 29184K, 0% used [0x00000000d6100000,0x00000000d6100000,0x00000000d7d80000)
  from space 1536K, 66% used [0x00000000d7e00000,0x00000000d7f01048,0x00000000d7f80000)
  to   space 7168K, 0% used [0x00000000d8480000,0x00000000d8480000,0x00000000d8b80000)
 ParOldGen       total 86016K, used 8215K [0x0000000082200000, 0x0000000087600000, 0x00000000d6100000)
  object space 86016K, 9% used [0x0000000082200000,0x0000000082a05e88,0x0000000087600000)
 Metaspace       used 12200K, capacity 12400K, committed 12672K, reserved 1060864K
  class space    used 1500K, capacity 1572K, committed 1664K, reserved 1048576K
}
Event: 9.237 GC heap before
{Heap before GC invocations=12 (full 0):
 PSYoungGen      total 30720K, used 29770K [0x00000000d6100000, 0x00000000d8b80000, 0x0000000100000000)
  eden space 29184K, 98% used [0x00000000d6100000,0x00000000d7d118c8,0x00000000d7d80000)
  from space 1536K, 66% used [0x00000000d7e00000,0x00000000d7f01048,0x00000000d7f80000)
  to   space 7168K, 0% used [0x00000000d8480000,0x00000000d8480000,0x00000000d8b80000)
 ParOldGen       total 86016K, used 8215K [0x0000000082200000, 0x0000000087600000, 0x00000000d6100000)
  object space 86016K, 9% used [0x0000000082200000,0x0000000082a05e88,0x0000000087600000)
 Metaspace       used 12261K, capacity 12464K, committed 12672K, reserved 1060864K
  class space    used 1500K, capacity 1572K, committed 1664K, reserved 1048576K
Event: 9.238 GC heap after
Heap after GC invocations=12 (full 0):
 PSYoungGen      total 35328K, used 160K [0x00000000d6100000, 0x00000000d8b00000, 0x0000000100000000)
  eden space 28672K, 0% used [0x00000000d6100000,0x00000000d6100000,0x00000000d7d00000)
  from space 6656K, 2% used [0x00000000d8480000,0x00000000d84a8000,0x00000000d8b00000)
  to   space 7168K, 0% used [0x00000000d7d00000,0x00000000d7d00000,0x00000000d8400000)
 ParOldGen       total 86016K, used 8239K [0x0000000082200000, 0x0000000087600000, 0x00000000d6100000)
  object space 86016K, 9% used [0x0000000082200000,0x0000000082a0be88,0x0000000087600000)
 Metaspace       used 12261K, capacity 12464K, committed 12672K, reserved 1060864K
  class space    used 1500K, capacity 1572K, committed 1664K, reserved 1048576K
}
Event: 9.749 GC heap before
{Heap before GC invocations=13 (full 0):
 PSYoungGen      total 35328K, used 28066K [0x00000000d6100000, 0x00000000d8b00000, 0x0000000100000000)
  eden space 28672K, 97% used [0x00000000d6100000,0x00000000d7c40bd0,0x00000000d7d00000)
  from space 6656K, 2% used [0x00000000d8480000,0x00000000d84a8000,0x00000000d8b00000)
  to   space 7168K, 0% used [0x00000000d7d00000,0x00000000d7d00000,0x00000000d8400000)
 ParOldGen       total 86016K, used 8239K [0x0000000082200000, 0x0000000087600000, 0x00000000d6100000)
  object space 86016K, 9% used [0x0000000082200000,0x0000000082a0be88,0x0000000087600000)
 Metaspace       used 12266K, capacity 12464K, committed 12672K, reserved 1060864K
  class space    used 1501K, capacity 1572K, committed 1664K, reserved 1048576K
Event: 9.750 GC heap after
Heap after GC invocations=13 (full 0):
 PSYoungGen      total 28672K, used 160K [0x00000000d6100000, 0x00000000d8a80000, 0x0000000100000000)
  eden space 28160K, 0% used [0x00000000d6100000,0x00000000d6100000,0x00000000d7c80000)
  from space 512K, 31% used [0x00000000d7d00000,0x00000000d7d28000,0x00000000d7d80000)
  to   space 7168K, 0% used [0x00000000d8380000,0x00000000d8380000,0x00000000d8a80000)
 ParOldGen       total 86016K, used 8263K [0x0000000082200000, 0x0000000087600000, 0x00000000d6100000)
  object space 86016K, 9% used [0x0000000082200000,0x0000000082a11e88,0x0000000087600000)
 Metaspace       used 12266K, capacity 12464K, committed 12672K, reserved 1060864K
  class space    used 1501K, capacity 1572K, committed 1664K, reserved 1048576K
}
Event: 10.247 GC heap before
{Heap before GC invocations=14 (full 0):
 PSYoungGen      total 28672K, used 28200K [0x00000000d6100000, 0x00000000d8a80000, 0x0000000100000000)
  eden space 28160K, 99% used [0x00000000d6100000,0x00000000d7c62108,0x00000000d7c80000)
  from space 512K, 31% used [0x00000000d7d00000,0x00000000d7d28000,0x00000000d7d80000)
  to   space 7168K, 0% used [0x00000000d8380000,0x00000000d8380000,0x00000000d8a80000)
 ParOldGen       total 86016K, used 8263K [0x0000000082200000, 0x0000000087600000, 0x00000000d6100000)
  object space 86016K, 9% used [0x0000000082200000,0x0000000082a11e88,0x0000000087600000)
 Metaspace       used 12285K, capacity 12464K, committed 12672K, reserved 1060864K
  class space    used 1503K, capacity 1572K, committed 1664K, reserved 1048576K
Event: 10.248 GC heap after
Heap after GC invocations=14 (full 0):
 PSYoungGen      total 34304K, used 160K [0x00000000d6100000, 0x00000000d8a00000, 0x0000000100000000)
  eden space 27648K, 0% used [0x00000000d6100000,0x00000000d6100000,0x00000000d7c00000)
  from space 6656K, 2% used [0x00000000d8380000,0x00000000d83a8000,0x00000000d8a00000)
  to   space 7168K, 0% used [0x00000000d7c00000,0x00000000d7c00000,0x00000000d8300000)
 ParOldGen       total 86016K, used 8287K [0x0000000082200000, 0x0000000087600000, 0x00000000d6100000)
  object space 86016K, 9% used [0x0000000082200000,0x0000000082a17e88,0x0000000087600000)
 Metaspace       used 12285K, capacity 12464K, committed 12672K, reserved 1060864K
  class space    used 1503K, capacity 1572K, committed 1664K, reserved 1048576K
}

Deoptimization events (6 events):
Event: 2.600 Thread 0x00000000194ae000 Uncommon trap: reason=class_check action=maybe_recompile pc=0x0000000002a143c0 method=java.util.HashMap.putVal(ILjava/lang/Object;Ljava/lang/Object;ZZ)Ljava/lang/Object; @ 253
Event: 2.600 Thread 0x00000000194ae000 Uncommon trap: reason=class_check action=maybe_recompile pc=0x0000000002a143c0 method=java.util.HashMap.putVal(ILjava/lang/Object;Ljava/lang/Object;ZZ)Ljava/lang/Object; @ 253
Event: 2.600 Thread 0x00000000194ae000 Uncommon trap: reason=class_check action=maybe_recompile pc=0x0000000002a143c0 method=java.util.HashMap.putVal(ILjava/lang/Object;Ljava/lang/Object;ZZ)Ljava/lang/Object; @ 253
Event: 2.600 Thread 0x00000000194ae000 Uncommon trap: reason=class_check action=maybe_recompile pc=0x0000000002a143c0 method=java.util.HashMap.putVal(ILjava/lang/Object;Ljava/lang/Object;ZZ)Ljava/lang/Object; @ 253
Event: 2.600 Thread 0x00000000194ae000 Uncommon trap: reason=class_check action=maybe_recompile pc=0x00000000029f716c method=java.util.HashMap.putVal(ILjava/lang/Object;Ljava/lang/Object;ZZ)Ljava/lang/Object; @ 253
Event: 9.854 Thread 0x000000001900b000 Uncommon trap: reason=unstable_if action=reinterpret pc=0x0000000002a32ad0 method=java.awt.Component.inside(II)Z @ 13

Internal exceptions (10 events):
Event: 0.263 Thread 0x0000000002700800 Exception <a 'java/lang/ClassNotFoundException': ToolBar> (0x00000000d6539150) thrown at [C:\re\workspace\8-2-build-windows-amd64-cygwin\jdk8u101\7261\hotspot\src\share\vm\classfile\systemDictionary.cpp, line 210]
Event: 0.263 Thread 0x0000000002700800 Exception <a 'java/lang/ClassNotFoundException': ToggleButton> (0x00000000d6539700) thrown at [C:\re\workspace\8-2-build-windows-amd64-cygwin\jdk8u101\7261\hotspot\src\share\vm\classfile\systemDictionary.cpp, line 210]
Event: 0.263 Thread 0x0000000002700800 Exception <a 'java/lang/ClassNotFoundException': javax/swing/JToolBarSeparator> (0x00000000d6539b60) thrown at [C:\re\workspace\8-2-build-windows-amd64-cygwin\jdk8u101\7261\hotspot\src\share\vm\classfile\systemDictionary.cpp, line 210]
Event: 0.264 Thread 0x0000000002700800 Exception <a 'java/lang/ClassNotFoundException': ToolBarSeparator> (0x00000000d6539ff8) thrown at [C:\re\workspace\8-2-build-windows-amd64-cygwin\jdk8u101\7261\hotspot\src\share\vm\classfile\systemDictionary.cpp, line 210]
Event: 0.264 Thread 0x0000000002700800 Exception <a 'java/lang/ClassNotFoundException': ToolTip> (0x00000000d653a738) thrown at [C:\re\workspace\8-2-build-windows-amd64-cygwin\jdk8u101\7261\hotspot\src\share\vm\classfile\systemDictionary.cpp, line 210]
Event: 0.265 Thread 0x0000000002700800 Exception <a 'java/lang/ClassNotFoundException': Tree> (0x00000000d653b358) thrown at [C:\re\workspace\8-2-build-windows-amd64-cygwin\jdk8u101\7261\hotspot\src\share\vm\classfile\systemDictionary.cpp, line 210]
Event: 0.265 Thread 0x0000000002700800 Exception <a 'java/lang/ClassNotFoundException': Tree> (0x00000000d653ba98) thrown at [C:\re\workspace\8-2-build-windows-amd64-cygwin\jdk8u101\7261\hotspot\src\share\vm\classfile\systemDictionary.cpp, line 210]
Event: 0.265 Thread 0x0000000002700800 Exception <a 'java/lang/ClassNotFoundException': javax/swing/JTreeCell> (0x00000000d653be18) thrown at [C:\re\workspace\8-2-build-windows-amd64-cygwin\jdk8u101\7261\hotspot\src\share\vm\classfile\systemDictionary.cpp, line 210]
Event: 0.265 Thread 0x0000000002700800 Exception <a 'java/lang/ClassNotFoundException': TreeCell> (0x00000000d653c2a0) thrown at [C:\re\workspace\8-2-build-windows-amd64-cygwin\jdk8u101\7261\hotspot\src\share\vm\classfile\systemDictionary.cpp, line 210]
Event: 0.265 Thread 0x0000000002700800 Exception <a 'java/lang/ClassNotFoundException': RootPane> (0x00000000d653cd00) thrown at [C:\re\workspace\8-2-build-windows-amd64-cygwin\jdk8u101\7261\hotspot\src\share\vm\classfile\systemDictionary.cpp, line 210]

Events (10 events):
Event: 10.173 Thread 0x0000000018dbb000 Thread exited: 0x0000000018dbb000
Event: 10.173 loading class java/util/WeakHashMap$HashIterator
Event: 10.173 loading class java/util/WeakHashMap$HashIterator done
Event: 10.173 loading class java/util/WeakHashMap$KeyIterator done
Event: 10.173 Thread 0x0000000018dba000 Thread exited: 0x0000000018dba000
Event: 10.196 Thread 0x0000000018fec000 Thread exited: 0x0000000018fec000
Event: 10.247 Executing VM operation: ParallelGCFailedAllocation
Event: 10.248 Executing VM operation: ParallelGCFailedAllocation done
Event: 10.273 Thread 0x0000000018db9800 Thread exited: 0x0000000018db9800
Event: 10.274 Executing VM operation: Exit


Dynamic libraries:
0x00007ff7ac1a0000 - 0x00007ff7ac1d7000 	C:\Program Files\Java\jdk1.8.0_101\bin\java.exe
0x00007ffd71770000 - 0x00007ffd71941000 	C:\WINDOWS\SYSTEM32\ntdll.dll
0x00007ffd6fa70000 - 0x00007ffd6fb1b000 	C:\WINDOWS\System32\KERNEL32.DLL
0x00007ffd6dc60000 - 0x00007ffd6de7d000 	C:\WINDOWS\System32\KERNELBASE.dll
0x00007ffd710e0000 - 0x00007ffd71182000 	C:\WINDOWS\System32\ADVAPI32.dll
0x00007ffd6f240000 - 0x00007ffd6f2de000 	C:\WINDOWS\System32\msvcrt.dll
0x00007ffd712a0000 - 0x00007ffd712f9000 	C:\WINDOWS\System32\sechost.dll
0x00007ffd6f8d0000 - 0x00007ffd6f9f1000 	C:\WINDOWS\System32\RPCRT4.dll
0x00007ffd6ee80000 - 0x00007ffd6efe5000 	C:\WINDOWS\System32\USER32.dll
0x00007ffd6e7c0000 - 0x00007ffd6e7de000 	C:\WINDOWS\System32\win32u.dll
0x00007ffd6fb20000 - 0x00007ffd6fb54000 	C:\WINDOWS\System32\GDI32.dll
0x00007ffd6e9a0000 - 0x00007ffd6eb22000 	C:\WINDOWS\System32\gdi32full.dll
0x00007ffd60100000 - 0x00007ffd60379000 	C:\WINDOWS\WinSxS\amd64_microsoft.windows.common-controls_6595b64144ccf1df_6.0.14393.0_none_2d0f50fcbdb171b8\COMCTL32.dll
0x00007ffd714a0000 - 0x00007ffd71767000 	C:\WINDOWS\System32\combase.dll
0x00007ffd6e660000 - 0x00007ffd6e755000 	C:\WINDOWS\System32\ucrtbase.dll
0x00007ffd6e7e0000 - 0x00007ffd6e84a000 	C:\WINDOWS\System32\bcryptPrimitives.dll
0x00007ffd6f210000 - 0x00007ffd6f23e000 	C:\WINDOWS\System32\IMM32.DLL
0x0000000073380000 - 0x0000000073452000 	C:\Program Files\Java\jdk1.8.0_101\jre\bin\msvcr100.dll
0x0000000073460000 - 0x0000000073cfa000 	C:\Program Files\Java\jdk1.8.0_101\jre\bin\server\jvm.dll
0x00007ffd6ed10000 - 0x00007ffd6ed18000 	C:\WINDOWS\System32\PSAPI.DLL
0x00007ffd6b250000 - 0x00007ffd6b25a000 	C:\WINDOWS\SYSTEM32\VERSION.dll
0x00007ffd59430000 - 0x00007ffd59453000 	C:\WINDOWS\SYSTEM32\WINMM.dll
0x00007ffd59ca0000 - 0x00007ffd59ca9000 	C:\WINDOWS\SYSTEM32\WSOCK32.dll
0x00007ffd6fa00000 - 0x00007ffd6fa6a000 	C:\WINDOWS\System32\WS2_32.dll
0x00000000023f0000 - 0x000000000241b000 	C:\WINDOWS\SYSTEM32\WINMMBASE.dll
0x00007ffd6e560000 - 0x00007ffd6e5a2000 	C:\WINDOWS\System32\cfgmgr32.dll
0x0000000073330000 - 0x000000007333f000 	C:\Program Files\Java\jdk1.8.0_101\jre\bin\verify.dll
0x0000000073300000 - 0x0000000073329000 	C:\Program Files\Java\jdk1.8.0_101\jre\bin\java.dll
0x00000000732e0000 - 0x00000000732f6000 	C:\Program Files\Java\jdk1.8.0_101\jre\bin\zip.dll
0x00007ffd6fb60000 - 0x00007ffd71068000 	C:\WINDOWS\System32\SHELL32.dll
0x00007ffd6de80000 - 0x00007ffd6e55a000 	C:\WINDOWS\System32\windows.storage.dll
0x00007ffd6dc00000 - 0x00007ffd6dc4c000 	C:\WINDOWS\System32\powrprof.dll
0x00007ffd6f2e0000 - 0x00007ffd6f332000 	C:\WINDOWS\System32\shlwapi.dll
0x00007ffd6dbf0000 - 0x00007ffd6dbff000 	C:\WINDOWS\System32\kernel.appcore.dll
0x00007ffd6e8f0000 - 0x00007ffd6e999000 	C:\WINDOWS\System32\shcore.dll
0x00007ffd6dbd0000 - 0x00007ffd6dbe4000 	C:\WINDOWS\System32\profapi.dll
0x0000000073100000 - 0x0000000073298000 	C:\Program Files\Java\jdk1.8.0_101\jre\bin\awt.dll
0x00007ffd6f050000 - 0x00007ffd6f10f000 	C:\WINDOWS\System32\OLEAUT32.dll
0x00007ffd6e850000 - 0x00007ffd6e8ec000 	C:\WINDOWS\System32\msvcp_win.dll
0x00007ffd6c400000 - 0x00007ffd6c47a000 	C:\WINDOWS\SYSTEM32\apphelp.dll
0x00007ffd33300000 - 0x00007ffd351a2000 	C:\Users\Demy\Downloads\opencv\build\java\x64\opencv_java310.dll
0x00007ffd6ed40000 - 0x00007ffd6ee77000 	C:\WINDOWS\System32\ole32.dll
0x00007ffd596f0000 - 0x00007ffd59719000 	C:\WINDOWS\SYSTEM32\MSVFW32.dll
0x00007ffd596d0000 - 0x00007ffd596e8000 	C:\WINDOWS\SYSTEM32\AVICAP32.dll
0x00007ffd59960000 - 0x00007ffd59980000 	C:\WINDOWS\SYSTEM32\AVIFIL32.dll
0x00007ffd59460000 - 0x00007ffd5947c000 	C:\WINDOWS\SYSTEM32\MSACM32.dll
0x00007ffd6c730000 - 0x00007ffd6c7c5000 	C:\WINDOWS\system32\uxtheme.dll
0x00007ffd6f770000 - 0x00007ffd6f8cb000 	C:\WINDOWS\System32\MSCTF.dll
0x00007ffd6bfd0000 - 0x00007ffd6bff6000 	C:\WINDOWS\system32\dwmapi.dll
0x00000000730b0000 - 0x00000000730f7000 	C:\Program Files\Java\jdk1.8.0_101\jre\bin\fontmanager.dll
0x00000000732c0000 - 0x00000000732da000 	C:\Program Files\Java\jdk1.8.0_101\jre\bin\net.dll
0x00007ffd6d320000 - 0x00007ffd6d37c000 	C:\WINDOWS\system32\mswsock.dll
0x00000000732a0000 - 0x00000000732b1000 	C:\Program Files\Java\jdk1.8.0_101\jre\bin\nio.dll
0x0000000073060000 - 0x00000000730a2000 	C:\Program Files\Java\jdk1.8.0_101\jre\bin\t2k.dll
0x0000000073020000 - 0x000000007304a000 	C:\Program Files\Java\jdk1.8.0_101\jre\bin\dcpr.dll
0x00007ffd711f0000 - 0x00007ffd7128f000 	C:\WINDOWS\System32\clbcatq.dll
0x00007ffd66070000 - 0x00007ffd66088000 	C:\Windows\System32\devenum.dll
0x00007ffd6f340000 - 0x00007ffd6f769000 	C:\WINDOWS\System32\setupapi.dll
0x00007ffd6cfe0000 - 0x00007ffd6d012000 	C:\WINDOWS\SYSTEM32\ntmarta.dll
0x00007ffd6c7d0000 - 0x00007ffd6c7f8000 	C:\WINDOWS\SYSTEM32\DEVOBJ.dll
0x00007ffd6e760000 - 0x00007ffd6e7b5000 	C:\WINDOWS\System32\WINTRUST.dll
0x00007ffd6dc50000 - 0x00007ffd6dc60000 	C:\WINDOWS\System32\MSASN1.dll
0x00007ffd6eb30000 - 0x00007ffd6ecf8000 	C:\WINDOWS\System32\CRYPT32.dll
0x00007ffd69c50000 - 0x00007ffd69c5a000 	C:\WINDOWS\SYSTEM32\msdmo.dll
0x00007ffd4e5c0000 - 0x00007ffd4e5f3000 	C:\Windows\System32\qcap.dll
0x00007ffd400e0000 - 0x00007ffd402a3000 	C:\Windows\System32\quartz.dll
0x00007ffd6db10000 - 0x00007ffd6db3b000 	C:\Windows\System32\bcrypt.dll
0x00007ffd58090000 - 0x00007ffd580d8000 	C:\Windows\System32\mfksproxy.dll
0x00007ffd61670000 - 0x00007ffd6168c000 	C:\Windows\System32\ATL.DLL
0x00007ffd55740000 - 0x00007ffd558a8000 	C:\Windows\System32\MFPlat.DLL
0x00007ffd61d90000 - 0x00007ffd61dbe000 	C:\Windows\System32\RTWorkQ.DLL
0x00007ffd438a0000 - 0x00007ffd43c8b000 	C:\Windows\System32\MFCORE.dll
0x00007ffd6a660000 - 0x00007ffd6a669000 	C:\Windows\System32\ksuser.dll
0x00007ffd6d6c0000 - 0x00007ffd6d6cb000 	C:\Windows\System32\CRYPTBASE.DLL
0x00007ffd58030000 - 0x00007ffd58083000 	C:\Windows\System32\FSClient.dll
0x00007ffd57fe0000 - 0x00007ffd5802d000 	C:\Windows\System32\MFSENSORGROUP.dll
0x00007ffd6b450000 - 0x00007ffd6b45b000 	C:\Windows\System32\AVRT.dll
0x00007ffd676d0000 - 0x00007ffd676dd000 	C:\Windows\System32\vidcap.ax
0x00007ffd64260000 - 0x00007ffd64285000 	C:\Windows\System32\kswdmcap.ax
0x00007ffd491c0000 - 0x00007ffd49323000 	C:\Windows\System32\MFC42.dll
0x00007ffd47a60000 - 0x00007ffd47b0f000 	C:\Windows\System32\ODBC32.dll
0x00007ffd6d520000 - 0x00007ffd6d52a000 	C:\Windows\System32\DPAPI.dll
0x0000000180000000 - 0x0000000180017000 	C:\WINDOWS\SYSTEM32\DextUVCb_x64.ax
0x00007ffd65ec0000 - 0x00007ffd65f03000 	C:\WINDOWS\SYSTEM32\policymanager.dll
0x00007ffd6b750000 - 0x00007ffd6b7e1000 	C:\Windows\System32\msvcp110_win.dll
0x00007ffd58380000 - 0x00007ffd58454000 	C:\Windows\System32\MFReadWrite.dll
0x00007ffd46be0000 - 0x00007ffd46c83000 	C:\Windows\System32\qedit.dll
0x00007ffd6f110000 - 0x00007ffd6f20a000 	C:\WINDOWS\System32\COMDLG32.dll
0x00007ffd5dfe0000 - 0x00007ffd5e179000 	C:\WINDOWS\WinSxS\amd64_microsoft.windows.gdiplus_6595b64144ccf1df_1.1.14393.187_none_730402f52114ff50\gdiplus.dll
0x00007ffd56290000 - 0x00007ffd56387000 	C:\Windows\System32\DDRAW.dll
0x00007ffd66bf0000 - 0x00007ffd66bf8000 	C:\Windows\System32\DCIMAN32.dll
0x00007ffd353d0000 - 0x00007ffd355e0000 	C:\Program Files\Combined Community Codec Pack 64bit\Filters\VSFilter.dll
0x00007ffd58fa0000 - 0x00007ffd59025000 	C:\WINDOWS\SYSTEM32\WINSPOOL.DRV
0x00007ffd62f40000 - 0x00007ffd631ca000 	C:\WINDOWS\SYSTEM32\WININET.dll
0x00007ffd65d50000 - 0x00007ffd65d5c000 	C:\WINDOWS\SYSTEM32\msyuv.dll
0x00007ffd6d6a0000 - 0x00007ffd6d6b7000 	C:\WINDOWS\SYSTEM32\CRYPTSP.dll
0x00007ffd6d4e0000 - 0x00007ffd6d513000 	C:\WINDOWS\system32\rsaenh.dll
0x00007ffd6d580000 - 0x00007ffd6d59f000 	C:\WINDOWS\SYSTEM32\USERENV.dll
0x00007ffd6d0d0000 - 0x00007ffd6d108000 	C:\WINDOWS\SYSTEM32\IPHLPAPI.DLL
0x00007ffd6ed00000 - 0x00007ffd6ed08000 	C:\WINDOWS\System32\NSI.dll
0x00007ffd65130000 - 0x00007ffd65146000 	C:\WINDOWS\SYSTEM32\dhcpcsvc6.DLL
0x00007ffd63cd0000 - 0x00007ffd63cea000 	C:\WINDOWS\SYSTEM32\dhcpcsvc.DLL
0x00007ffd678f0000 - 0x00007ffd67a82000 	C:\WINDOWS\SYSTEM32\dbghelp.dll

VM Arguments:
jvm_args: -Dfile.encoding=UTF-8 -Djava.library.path=C:\Users\Demy\Downloads\opencv\build\java\x64 
java_command: sortingbot.Gui
java_class_path (initial): C:\Users\Demy\Downloads\opencv\build\java\opencv-310.jar;C:\Users\Demy\Documents\NetBeansProjects\sanntids\SortingBot\build\classes
Launcher Type: SUN_STANDARD

Environment Variables:
PATH=C:\ProgramData\Oracle\Java\javapath;C:\WINDOWS\system32;C:\WINDOWS;C:\WINDOWS\System32\Wbem;C:\WINDOWS\System32\WindowsPowerShell\v1.0\;C:\Program Files (x86)\Common Files\lenovo\easyplussdk\bin;C:\Program Files\MATLAB\R2014a\runtime\win64;C:\Program Files\MATLAB\R2014a\bin;C:\Program Files\MATLAB\R2014a\polyspace\bin;C:\Program Files (x86)\GtkSharp\2.12\bin;C:\Users\Demy\AppData\Local\Microsoft\WindowsApps;
USERNAME=Demy
OS=Windows_NT
PROCESSOR_IDENTIFIER=Intel64 Family 6 Model 78 Stepping 3, GenuineIntel



---------------  S Y S T E M  ---------------

OS: Windows 10.0 , 64 bit Build 14393 (10.0.14393.0)

CPU:total 4 (2 cores per cpu, 2 threads per core) family 6 model 78 stepping 3, cmov, cx8, fxsr, mmx, sse, sse2, sse3, ssse3, sse4.1, sse4.2, popcnt, avx, avx2, aes, clmul, erms, 3dnowpref, lzcnt, ht, tsc, tscinvbit, bmi1, bmi2, adx

Memory: 4k page, physical 8243976k(4041292k free), swap 10210056k(5020256k free)

vm_info: Java HotSpot(TM) 64-Bit Server VM (25.101-b13) for windows-amd64 JRE (1.8.0_101-b13), built on Jun 22 2016 01:21:29 by "java_re" with MS VC++ 10.0 (VS2010)

time: Wed Sep 28 11:58:40 2016
elapsed time: 10 seconds (0d 0h 0m 10s)

